[www.baidu.com/index.html]
[backblue.gif]
[fade.gif]
[index.html]
[www.baidu.com/img/sug_bdd219.png]
[www.baidu.com/baidufb84.html]
[www.baidu.com/img/PCtm_d9c8750bed0b3c7d089fa7d55720d6cf.png]
[www.baidu.com/more/index.html]
[www.baidu.com/img/flexible/logo/pc/index.png]
[www.baidu.com/img/flexible/logo/pc/index@2.png]
[www.baidu.com/img/PCfb_5bf082d29588c07f842ccde3f97243ea.png]
[www.baidu.com/img/flexible/logo/pc/result.png]
[www.baidu.com/img/flexible/logo/pc/result@2.png]
[www.baidu.com/img/flexible/logo/pc/peak-result.png]
[www.baidu.com/duty/index.html]
[www.baidu.com/img/flexible/logo/pc/result_gray.png]
[www.baidu.com/index.html]
[www.baidu.com/licence/index.html]
[www.baidu.com/baidufb84.html]
[www.baidu.com/more/index.html]
[www.baidu.com/duty/index.html]
[www.baidu.com/licence/index.html]
